# JRE version: OpenJDK Runtime Environment (11.0+28) (build 11+28)
# Java VM: OpenJDK 64-Bit Server VM (11+28, mixed mode, tiered, compressed oops, g1 gc, windows-amd64)
Heap:
 garbage-first heap   total 520192K, used 324430K [0x00000000e0000000, 0x0000000100000000)
  region size 1024K, 291 young (297984K), 14 survivors (14336K)
 Metaspace       used 67299K, capacity 68998K, committed 69244K, reserved 1110016K
  class space    used 7778K, capacity 8421K, committed 8448K, reserved 1048576K
GC Heap History (10 events):
Event: 1.938 GC heap before
{Heap before GC invocations=4 (full 0):
 garbage-first heap   total 520192K, used 77015K [0x00000000e0000000, 0x0000000100000000)
  region size 1024K, 61 young (62464K), 3 survivors (3072K)
 Metaspace       used 27344K, capacity 28155K, committed 28336K, reserved 1075200K
  class space    used 3024K, capacity 3311K, committed 3328K, reserved 1048576K
}
Event: 1.940 GC heap after
{Heap after GC invocations=5 (full 0):
 garbage-first heap   total 520192K, used 18723K [0x00000000e0000000, 0x0000000100000000)
  region size 1024K, 4 young (4096K), 4 survivors (4096K)
 Metaspace       used 27344K, capacity 28155K, committed 28336K, reserved 1075200K
  class space    used 3024K, capacity 3311K, committed 3328K, reserved 1048576K
}
Event: 2.336 GC heap before
{Heap before GC invocations=5 (full 0):
 garbage-first heap   total 520192K, used 59683K [0x00000000e0000000, 0x0000000100000000)
  region size 1024K, 45 young (46080K), 4 survivors (4096K)
 Metaspace       used 34597K, capacity 35618K, committed 35708K, reserved 1081344K
  class space    used 3870K, capacity 4281K, committed 4352K, reserved 1048576K
}
Event: 2.342 GC heap after
{Heap after GC invocations=6 (full 0):
 garbage-first heap   total 520192K, used 21244K [0x00000000e0000000, 0x0000000100000000)
  region size 1024K, 6 young (6144K), 6 survivors (6144K)
 Metaspace       used 34597K, capacity 35618K, committed 35708K, reserved 1081344K
  class space    used 3870K, capacity 4281K, committed 4352K, reserved 1048576K
}
Event: 4.084 GC heap before
{Heap before GC invocations=7 (full 0):
 garbage-first heap   total 520192K, used 329468K [0x00000000e0000000, 0x0000000100000000)
  region size 1024K, 304 young (311296K), 6 survivors (6144K)
 Metaspace       used 44983K, capacity 46139K, committed 46332K, reserved 1089536K
  class space    used 5457K, capacity 5903K, committed 6016K, reserved 1048576K
}
Event: 4.088 GC heap after
{Heap after GC invocations=8 (full 0):
 garbage-first heap   total 520192K, used 27190K [0x00000000e0000000, 0x0000000100000000)
  region size 1024K, 9 young (9216K), 9 survivors (9216K)
 Metaspace       used 44983K, capacity 46139K, committed 46332K, reserved 1089536K
  class space    used 5457K, capacity 5903K, committed 6016K, reserved 1048576K
}
Event: 5.911 GC heap before
{Heap before GC invocations=8 (full 0):
 garbage-first heap   total 520192K, used 330294K [0x00000000e0000000, 0x0000000100000000)
  region size 1024K, 304 young (311296K), 9 survivors (9216K)
 Metaspace       used 53756K, capacity 55116K, committed 55164K, reserved 1097728K
  class space    used 6377K, capacity 6870K, committed 6912K, reserved 1048576K
}
Event: 5.916 GC heap after
{Heap after GC invocations=9 (full 0):
 garbage-first heap   total 520192K, used 27911K [0x00000000e0000000, 0x0000000100000000)
  region size 1024K, 13 young (13312K), 13 survivors (13312K)
 Metaspace       used 53756K, capacity 55116K, committed 55164K, reserved 1097728K
  class space    used 6377K, capacity 6870K, committed 6912K, reserved 1048576K
}
Event: 7.434 GC heap before
{Heap before GC invocations=9 (full 0):
 garbage-first heap   total 520192K, used 142599K [0x00000000e0000000, 0x0000000100000000)
  region size 1024K, 126 young (129024K), 13 survivors (13312K)
 Metaspace       used 58444K, capacity 59771K, committed 59900K, reserved 1101824K
  class space    used 6951K, capacity 7443K, committed 7552K, reserved 1048576K
}
Event: 7.443 GC heap after
{Heap after GC invocations=10 (full 0):
 garbage-first heap   total 520192K, used 29518K [0x00000000e0000000, 0x0000000100000000)
  region size 1024K, 14 young (14336K), 14 survivors (14336K)
 Metaspace       used 58444K, capacity 59771K, committed 59900K, reserved 1101824K
  class space    used 6951K, capacity 7443K, committed 7552K, reserved 1048576K
}

